C51 COMPILER V9.54   MAIN                                                                  10/21/2015 16:17:47 PAGE 1   


C51 COMPILER V9.54, COMPILATION OF MODULE MAIN
OBJECT MODULE PLACED IN .\Objects\main.obj
COMPILER INVOKED BY: D:\app\dev_tools\keilC51\C51\BIN\C51.EXE src\main.c OPTIMIZE(8,SPEED) BROWSE INCDIR(.\inc) DEBUG OB
                    -JECTEXTEND PRINT(.\Listings\main.lst) TABS(2) OBJECT(.\Objects\main.obj)

line level    source

   1          #include <time.h>
   2          #include <reg52.h>
   3          #include <keys.h>
   4          #include <monitor.h>
   5          #include <relay.h>
   6          
   7          /*user manual：
   8          1.第一次按下mode：设定当前时间，第二次按下mode确认设定值
   9          2.第三次按下mode：设定第一个通断时间，第四次按下确认设定值
  10          3.。。。同步骤2  最多10个通断时间设定
  11          4.当到达指定时间时会进行设定好的通断电操作
  12          */
  13          
  14          void main(void)
  15          {  
  16   1        relay_on();
  17   1        
  18   1        num1[0]=0;  
  19   1        num1[1]=0;
  20   1        num1[2]=0;
  21   1        num1[3]=0;
  22   1        
  23   1        num2[0]=0;  
  24   1        num2[1]=0;
  25   1        num2[2]=0;
  26   1        num2[3]=0;
  27   1      
  28   1        
  29   1        //开启中断开关
  30   1        EA=1;
  31   1        timer_init();
  32   1        key_init();
  33   1        while(1){
  34   2          
  35   2          monitor_display(0X1,num1[0]);
  36   2          monitor_display(0X2,num1[1]);
  37   2          monitor_display(0X4,num1[2]);
  38   2          monitor_display(0X8,num1[3]);
  39   2          
  40   2          //当前时间显示
  41   2          monitor2_display(0x1,num2[0]);
  42   2          monitor2_display(0x2,num2[1]);
  43   2          monitor2_display(0x4,num2[2]);
  44   2          monitor2_display(0x8,num2[3]);
  45   2          
  46   2        };
  47   1        
  48   1      }


MODULE INFORMATION:   STATIC OVERLAYABLE
   CODE SIZE        =     86    ----
   CONSTANT SIZE    =   ----    ----
   XDATA SIZE       =   ----    ----
C51 COMPILER V9.54   MAIN                                                                  10/21/2015 16:17:47 PAGE 2   

   PDATA SIZE       =   ----    ----
   DATA SIZE        =   ----    ----
   IDATA SIZE       =   ----    ----
   BIT SIZE         =   ----    ----
END OF MODULE INFORMATION.


C51 COMPILATION COMPLETE.  0 WARNING(S),  0 ERROR(S)
