C51 COMPILER V9.54   MONITOR                                                               10/17/2015 21:06:19 PAGE 1   


C51 COMPILER V9.54, COMPILATION OF MODULE MONITOR
OBJECT MODULE PLACED IN .\Objects\monitor.obj
COMPILER INVOKED BY: D:\app\dev_tools\keilC51\C51\BIN\C51.EXE src\monitor.c OPTIMIZE(8,SPEED) BROWSE INCDIR(.\inc) DEBUG
                    - OBJECTEXTEND PRINT(.\Listings\monitor.lst) TABS(2) OBJECT(.\Objects\monitor.obj)

line level    source

   1          #include <monitor.h>
   2          #include <type.h>
   3          /*该数码管需要一次性输入4位 数值位置信息  为输入默认为0
   4          所以每次更改显示     需要同时输入未更改的信息
   5          */
   6          /*----------data def----------*/
   7                       //  0    1    2     3   4    5    6     7   8    9    A    B     C   D    E    F    -
   8          u8 code num[]={0xC0,0xF9,0xA4,0xB0,0x99,0x92,0x82,0xF8,0x80,0x90,0x8C,0xBF,0xC6,0xA1,0x86,0xFF,0xbf};
   9          /*
  10          void monitor_write(u8 byte){
  11            u8 i;
  12            for(i=0;i<8;i++){
  13              if ((byte&0X80)==1)
  14              {
  15                DIO=1;
  16              }else{
  17                DIO=0;
  18              }
  19              byte<<=1;
  20              SCK=0;
  21              SCK=1;
  22            }
  23          }
  24          */
  25          
  26          void monitor_write(u8 byte)
  27          {
  28   1        u8 i;
  29   1        for(i=8;i>=1;i--)
  30   1        {
  31   2          if (byte&0x80) DIO=1; else DIO=0;
  32   2          byte<<=1;
  33   2          SCK = 0;
  34   2          SCK = 1;
  35   2        }
  36   1      }
  37          /*
  38          void monitor2_write(u8 byte){
  39            u8 i;
  40            for(i=0;i<8;i++){
  41                if ((byte&0X80)==1)
  42                {
  43                  DIO2=1;
  44                }else{
  45                  DIO2=0;
  46                }
  47                byte<<=1;
  48                SCK2=0;
  49                SCK2=1;
  50            }
  51          }
  52          */
  53          
  54          
C51 COMPILER V9.54   MONITOR                                                               10/17/2015 21:06:19 PAGE 2   

  55          void monitor2_write(u8 byte)
  56          {
  57   1        u8 i;
  58   1        for(i=8;i>=1;i--)
  59   1        {
  60   2          if (byte&0x80) DIO2=1; else DIO2=0;
  61   2          byte<<=1;
  62   2          SCK2 = 0;
  63   2          SCK2 = 1;
  64   2        }
  65   1      }
  66          
  67          //数码管1 2显示值
  68          u8 num1[4];
  69          u8 num2[4];
  70          //@pos 0X01 0X02 0X04 0X08
  71          //@num1 :0-17
  72          //每次写入会导致其他位显示消失--该数码管"同一时刻"只能显示一位
  73          void monitor_display(u8 pos,u8 num1){
  74   1        u8 code* table;
  75   1        table=num+num1;
  76   1        //写入当前的笔画
  77   1        monitor_write(*table);
  78   1        monitor_write(pos);
  79   1        RCK=0;
  80   1        RCK=1;
  81   1      }
  82          
  83          void monitor2_display(u8 pos,u8 num2){
  84   1          u8 code* table;
  85   1          table=num+num2;
  86   1          monitor2_write(*table);
  87   1          monitor2_write(pos);
  88   1          RCK2=0;
  89   1          RCK2=1;
  90   1      }
  91          
  92          //12M  ms
  93          
  94          void delay(u16 n){ 
  95   1        u16 i=0,j=0;
  96   1        for(i=0;i<n;i++) 
  97   1        for(j=0;j<123;j++); 
  98   1      } 
  99          /*
 100          bool FLASH_STATE =true;
 101          
 102          void monitor_flash(u8 pos){
 103            u8 position;
 104            switch(pos){
 105              case 0X1:
 106                position =0;
 107              break;
 108              case 0X2:
 109                position =1;
 110              break;
 111              case 0X4:
 112                position =2;
 113              break;
 114              case 0X8:
 115                position =3;
 116              break;
C51 COMPILER V9.54   MONITOR                                                               10/17/2015 21:06:19 PAGE 3   

 117            }
 118            while(FLASH_STATE){
 119              monitor_display(pos,num1[position]);//显示原值
 120              delay(500);
 121              monitor_display(pos,16);//显示-
 122              delay(500);
 123            }
 124          }
 125          
 126          void monitor2_flash(u8 pos){
 127            u8 position;
 128            switch(pos){
 129              case 0X1:
 130                position =0;
 131              break;
 132              case 0X2:
 133                position =1;
 134              break;
 135              case 0X4:
 136                position =2;
 137              break;
 138              case 0X8:
 139                position =3;
 140              break;
 141            }
 142            while(FLASH_STATE){
 143              monitor2_display(pos,num2[position]);//显示原值
 144              delay(500);
 145              monitor2_display(pos,16);//显示-
 146              delay(500);
 147            }
 148          }
 149          
 150          */
 151          


MODULE INFORMATION:   STATIC OVERLAYABLE
   CODE SIZE        =    134    ----
   CONSTANT SIZE    =     17    ----
   XDATA SIZE       =   ----    ----
   PDATA SIZE       =   ----    ----
   DATA SIZE        =      8    ----
   IDATA SIZE       =   ----    ----
   BIT SIZE         =   ----    ----
END OF MODULE INFORMATION.


C51 COMPILATION COMPLETE.  0 WARNING(S),  0 ERROR(S)
