C51 COMPILER V9.54   RELAY                                                                 10/21/2015 16:08:46 PAGE 1   


C51 COMPILER V9.54, COMPILATION OF MODULE RELAY
OBJECT MODULE PLACED IN .\Objects\relay.obj
COMPILER INVOKED BY: D:\app\dev_tools\keilC51\C51\BIN\C51.EXE src\relay.c OPTIMIZE(8,SPEED) BROWSE INCDIR(.\inc) DEBUG O
                    -BJECTEXTEND PRINT(.\Listings\relay.lst) TABS(2) OBJECT(.\Objects\relay.obj)

line level    source

   1          #include <relay.h>
   2          
   3          void relay_on(void){
   4   1      
   5   1        RELAY=1;
   6   1      }
   7          
   8          void relay_off(void){
   9   1      
  10   1        RELAY=0;
  11   1      }


MODULE INFORMATION:   STATIC OVERLAYABLE
   CODE SIZE        =      6    ----
   CONSTANT SIZE    =   ----    ----
   XDATA SIZE       =   ----    ----
   PDATA SIZE       =   ----    ----
   DATA SIZE        =   ----    ----
   IDATA SIZE       =   ----    ----
   BIT SIZE         =   ----    ----
END OF MODULE INFORMATION.


C51 COMPILATION COMPLETE.  0 WARNING(S),  0 ERROR(S)
